<?xml version="1.0" encoding="UTF-8"?>
<testng-results ignored="0" total="2" passed="2" failed="0" skipped="0">
  <reporter-output>
    <line>
      <![CDATA[Setting up reports and test is getting ready]]>
    </line>
    <line>
      <![CDATA[Setting Done.. Test can be started]]>
    </line>
    <line>
      <![CDATA[Trying to start browser, getting application ready]]>
    </line>
    <line>
      <![CDATA[Browser and application up and running]]>
    </line>
    <line>
      <![CDATA[Test is about to end]]>
    </line>
    <line>
      <![CDATA[Test Completed>>>>>>>> Reports generated]]>
    </line>
    <line>
      <![CDATA[Test is about to end]]>
    </line>
    <line>
      <![CDATA[Test Completed>>>>>>>> Reports generated]]>
    </line>
  </reporter-output>
  <suite started-at="2022-05-09T15:58:21 IST" name="Suite" finished-at="2022-05-09T15:58:40 IST" duration-ms="19666">
    <groups>
    </groups>
    <test started-at="2022-05-09T15:58:21 IST" name="Test" finished-at="2022-05-09T15:58:40 IST" duration-ms="19666">
      <class name="com.framwork.testcases.LoginTestCRM">
        <test-method is-config="true" signature="setUpSuite()[pri:0, instance:com.framwork.testcases.LoginTestCRM@49139829]" started-at="2022-05-09T15:58:17 IST" name="setUpSuite" finished-at="2022-05-09T15:58:21 IST" duration-ms="3591" status="PASS">
          <reporter-output>
            <line>
              <![CDATA[Setting up reports and test is getting ready]]>
            </line>
            <line>
              <![CDATA[Setting Done.. Test can be started]]>
            </line>
          </reporter-output>
        </test-method> <!-- setUpSuite -->
        <test-method is-config="true" signature="setup()[pri:0, instance:com.framwork.testcases.LoginTestCRM@49139829]" started-at="2022-05-09T15:58:21 IST" name="setup" finished-at="2022-05-09T15:58:30 IST" duration-ms="8951" status="PASS">
          <reporter-output>
            <line>
              <![CDATA[Trying to start browser, getting application ready]]>
            </line>
            <line>
              <![CDATA[Browser and application up and running]]>
            </line>
          </reporter-output>
        </test-method> <!-- setup -->
        <test-method signature="LoginApp()[pri:1, instance:com.framwork.testcases.LoginTestCRM@49139829]" started-at="2022-05-09T15:58:30 IST" name="LoginApp" finished-at="2022-05-09T15:58:37 IST" duration-ms="7416" status="PASS">
          <reporter-output>
          </reporter-output>
        </test-method> <!-- LoginApp -->
        <test-method is-config="true" signature="tearDownMethod(org.testng.ITestResult)[pri:0, instance:com.framwork.testcases.LoginTestCRM@49139829]" started-at="2022-05-09T15:58:37 IST" name="tearDownMethod" finished-at="2022-05-09T15:58:38 IST" duration-ms="1014" status="PASS">
          <params>
            <param index="0">
              <value>
                <![CDATA[[TestResult name=LoginApp status=SUCCESS method=LoginTestCRM.LoginApp()[pri:1, instance:com.framwork.testcases.LoginTestCRM@49139829] output={null}]]]>
              </value>
            </param>
          </params>
          <reporter-output>
            <line>
              <![CDATA[Test is about to end]]>
            </line>
            <line>
              <![CDATA[Test Completed>>>>>>>> Reports generated]]>
            </line>
          </reporter-output>
        </test-method> <!-- tearDownMethod -->
        <test-method signature="LogoutApp()[pri:2, instance:com.framwork.testcases.LoginTestCRM@49139829]" started-at="2022-05-09T15:58:38 IST" name="LogoutApp" finished-at="2022-05-09T15:58:38 IST" duration-ms="4" status="PASS">
          <reporter-output>
          </reporter-output>
        </test-method> <!-- LogoutApp -->
        <test-method is-config="true" signature="tearDownMethod(org.testng.ITestResult)[pri:0, instance:com.framwork.testcases.LoginTestCRM@49139829]" started-at="2022-05-09T15:58:38 IST" name="tearDownMethod" finished-at="2022-05-09T15:58:39 IST" duration-ms="433" status="PASS">
          <params>
            <param index="0">
              <value>
                <![CDATA[[TestResult name=LogoutApp status=SUCCESS method=LoginTestCRM.LogoutApp()[pri:2, instance:com.framwork.testcases.LoginTestCRM@49139829] output={null}]]]>
              </value>
            </param>
          </params>
          <reporter-output>
            <line>
              <![CDATA[Test is about to end]]>
            </line>
            <line>
              <![CDATA[Test Completed>>>>>>>> Reports generated]]>
            </line>
          </reporter-output>
        </test-method> <!-- tearDownMethod -->
        <test-method is-config="true" signature="ReportAdd()[pri:0, instance:com.framwork.testcases.LoginTestCRM@49139829]" started-at="2022-05-09T15:58:39 IST" name="ReportAdd" finished-at="2022-05-09T15:58:39 IST" duration-ms="143" status="PASS">
          <reporter-output>
          </reporter-output>
        </test-method> <!-- ReportAdd -->
        <test-method is-config="true" signature="tearDown()[pri:0, instance:com.framwork.testcases.LoginTestCRM@49139829]" started-at="2022-05-09T15:58:39 IST" name="tearDown" finished-at="2022-05-09T15:58:40 IST" duration-ms="1541" status="PASS">
          <reporter-output>
          </reporter-output>
        </test-method> <!-- tearDown -->
      </class> <!-- com.framwork.testcases.LoginTestCRM -->
    </test> <!-- Test -->
  </suite> <!-- Suite -->
</testng-results>
