<?xml version="1.0" encoding="UTF-8"?>
<testng-results ignored="0" total="2" passed="2" failed="0" skipped="0">
  <reporter-output>
    <line>
      <![CDATA[Setting up reports and test is getting ready]]>
    </line>
    <line>
      <![CDATA[Setting Done.. Test can be started]]>
    </line>
    <line>
      <![CDATA[Trying to start browser, getting application ready]]>
    </line>
    <line>
      <![CDATA[Browser and application up and running]]>
    </line>
    <line>
      <![CDATA[Test is about to end]]>
    </line>
    <line>
      <![CDATA[Test Completed>>>>>>>> Reports generated]]>
    </line>
    <line>
      <![CDATA[Test is about to end]]>
    </line>
    <line>
      <![CDATA[Test Completed>>>>>>>> Reports generated]]>
    </line>
  </reporter-output>
  <suite started-at="2022-05-10T13:04:50 IST" name="Suite" finished-at="2022-05-10T13:05:23 IST" duration-ms="33616">
    <groups>
    </groups>
    <test started-at="2022-05-10T13:04:50 IST" name="Test" finished-at="2022-05-10T13:05:23 IST" duration-ms="33616">
      <class name="com.framwork.testcases.LoginTestCRM">
        <test-method is-config="true" signature="setUpSuite()[pri:0, instance:com.framwork.testcases.LoginTestCRM@5b239d7d]" started-at="2022-05-10T13:04:45 IST" name="setUpSuite" finished-at="2022-05-10T13:04:50 IST" duration-ms="4620" status="PASS">
          <reporter-output>
            <line>
              <![CDATA[Setting up reports and test is getting ready]]>
            </line>
            <line>
              <![CDATA[Setting Done.. Test can be started]]>
            </line>
          </reporter-output>
        </test-method> <!-- setUpSuite -->
        <test-method is-config="true" signature="setup(java.lang.String,java.lang.String)[pri:0, instance:com.framwork.testcases.LoginTestCRM@5b239d7d]" started-at="2022-05-10T13:04:50 IST" name="setup" finished-at="2022-05-10T13:05:11 IST" duration-ms="21544" status="PASS">
          <params>
            <param index="0">
              <value>
                <![CDATA[Chrome]]>
              </value>
            </param>
            <param index="1">
              <value>
                <![CDATA[https://opensource-demo.orangehrmlive.com]]>
              </value>
            </param>
          </params>
          <reporter-output>
            <line>
              <![CDATA[Trying to start browser, getting application ready]]>
            </line>
            <line>
              <![CDATA[Browser and application up and running]]>
            </line>
          </reporter-output>
        </test-method> <!-- setup -->
        <test-method signature="LoginApp()[pri:1, instance:com.framwork.testcases.LoginTestCRM@5b239d7d]" started-at="2022-05-10T13:05:11 IST" name="LoginApp" finished-at="2022-05-10T13:05:18 IST" duration-ms="6631" status="PASS">
          <reporter-output>
          </reporter-output>
        </test-method> <!-- LoginApp -->
        <test-method is-config="true" signature="tearDownMethod(org.testng.ITestResult)[pri:0, instance:com.framwork.testcases.LoginTestCRM@5b239d7d]" started-at="2022-05-10T13:05:18 IST" name="tearDownMethod" finished-at="2022-05-10T13:05:22 IST" duration-ms="4017" status="PASS">
          <params>
            <param index="0">
              <value>
                <![CDATA[[TestResult name=LoginApp status=SUCCESS method=LoginTestCRM.LoginApp()[pri:1, instance:com.framwork.testcases.LoginTestCRM@5b239d7d] output={null}]]]>
              </value>
            </param>
          </params>
          <reporter-output>
            <line>
              <![CDATA[Test is about to end]]>
            </line>
            <line>
              <![CDATA[Test Completed>>>>>>>> Reports generated]]>
            </line>
          </reporter-output>
        </test-method> <!-- tearDownMethod -->
        <test-method signature="LogoutApp()[pri:2, instance:com.framwork.testcases.LoginTestCRM@5b239d7d]" started-at="2022-05-10T13:05:22 IST" name="LogoutApp" finished-at="2022-05-10T13:05:22 IST" duration-ms="4" status="PASS">
          <reporter-output>
          </reporter-output>
        </test-method> <!-- LogoutApp -->
        <test-method is-config="true" signature="tearDownMethod(org.testng.ITestResult)[pri:0, instance:com.framwork.testcases.LoginTestCRM@5b239d7d]" started-at="2022-05-10T13:05:22 IST" name="tearDownMethod" finished-at="2022-05-10T13:05:22 IST" duration-ms="339" status="PASS">
          <params>
            <param index="0">
              <value>
                <![CDATA[[TestResult name=LogoutApp status=SUCCESS method=LoginTestCRM.LogoutApp()[pri:2, instance:com.framwork.testcases.LoginTestCRM@5b239d7d] output={null}]]]>
              </value>
            </param>
          </params>
          <reporter-output>
            <line>
              <![CDATA[Test is about to end]]>
            </line>
            <line>
              <![CDATA[Test Completed>>>>>>>> Reports generated]]>
            </line>
          </reporter-output>
        </test-method> <!-- tearDownMethod -->
        <test-method is-config="true" signature="ReportAdd()[pri:0, instance:com.framwork.testcases.LoginTestCRM@5b239d7d]" started-at="2022-05-10T13:05:22 IST" name="ReportAdd" finished-at="2022-05-10T13:05:22 IST" duration-ms="119" status="PASS">
          <reporter-output>
          </reporter-output>
        </test-method> <!-- ReportAdd -->
        <test-method is-config="true" signature="tearDown()[pri:0, instance:com.framwork.testcases.LoginTestCRM@5b239d7d]" started-at="2022-05-10T13:05:22 IST" name="tearDown" finished-at="2022-05-10T13:05:23 IST" duration-ms="906" status="PASS">
          <reporter-output>
          </reporter-output>
        </test-method> <!-- tearDown -->
      </class> <!-- com.framwork.testcases.LoginTestCRM -->
    </test> <!-- Test -->
  </suite> <!-- Suite -->
</testng-results>
